May 09, 2022 11:53:55 PM hfl.argentina.ProtocolHTTP sendCommand
INFO: Iniciando conexión: 127.0.0.1:80
May 09, 2022 11:53:55 PM hfl.argentina.ProtocolHTTP sendCommand
INFO: <?xml version="1.0" encoding="UTF-8" standalone="no"?>
<ConsultarEstado>
<CodigoComprobante>NoDocumento</CodigoComprobante>
</ConsultarEstado>

May 09, 2022 11:53:55 PM hfl.argentina.ProtocolHTTP sendCommand
SEVERE: Connection refused (Connection refused)
May 20, 2022 11:42:15 PM hfl.argentina.ProtocolHTTP sendCommand
INFO: Iniciando conexión: 127.0.0.1:80
May 20, 2022 11:42:15 PM hfl.argentina.ProtocolHTTP sendCommand
INFO: <?xml version="1.0" encoding="UTF-8" standalone="no"?>
<ConsultarEstado>
<CodigoComprobante>NoDocumento</CodigoComprobante>
</ConsultarEstado>

May 20, 2022 11:42:15 PM hfl.argentina.ProtocolHTTP sendCommand
SEVERE: Connection refused (Connection refused)
May 20, 2022 11:42:39 PM hfl.argentina.ProtocolHTTP sendCommand
INFO: Iniciando conexión: 127.0.0.1:80
May 20, 2022 11:42:39 PM hfl.argentina.ProtocolHTTP sendCommand
INFO: <?xml version="1.0" encoding="UTF-8" standalone="no"?>
<ConsultarEstado>
<CodigoComprobante>NoDocumento</CodigoComprobante>
</ConsultarEstado>

May 20, 2022 11:42:39 PM hfl.argentina.ProtocolHTTP sendCommand
SEVERE: Connection refused (Connection refused)
May 20, 2022 11:43:47 PM hfl.argentina.ProtocolHTTP sendCommand
INFO: Iniciando conexión: 127.0.0.1:80
May 20, 2022 11:43:47 PM hfl.argentina.ProtocolHTTP sendCommand
INFO: <?xml version="1.0" encoding="UTF-8" standalone="no"?>
<ConsultarEstado>
<CodigoComprobante>NoDocumento</CodigoComprobante>
</ConsultarEstado>

May 20, 2022 11:43:47 PM hfl.argentina.ProtocolHTTP sendCommand
SEVERE: Connection refused (Connection refused)
May 20, 2022 11:54:23 PM hfl.argentina.ProtocolHTTP sendCommand
INFO: Iniciando conexión: 127.0.0.1:80
May 20, 2022 11:54:23 PM hfl.argentina.ProtocolHTTP sendCommand
INFO: <?xml version="1.0" encoding="UTF-8" standalone="no"?>
<CerrarJornadaFiscal>
<Reporte>ReporteZ</Reporte>
</CerrarJornadaFiscal>

May 20, 2022 11:54:23 PM hfl.argentina.ProtocolHTTP sendCommand
SEVERE: Connection refused (Connection refused)
Apr 13, 2025 10:39:12 PM hfl.argentina.ProtocolHTTP sendCommand
INFO: Iniciando conexión: 127.0.0.1:80
Apr 13, 2025 10:39:12 PM hfl.argentina.ProtocolHTTP sendCommand
INFO: <?xml version="1.0" encoding="UTF-8" standalone="no"?>
<ConsultarEstado>
<CodigoComprobante>NoDocumento</CodigoComprobante>
</ConsultarEstado>

Apr 13, 2025 10:39:12 PM hfl.argentina.ProtocolHTTP sendCommand
SEVERE: Connection refused (Connection refused)
Apr 13, 2025 10:47:15 PM hfl.argentina.ProtocolHTTP sendCommand
INFO: Iniciando conexión: 127.0.0.1:80
Apr 13, 2025 10:47:15 PM hfl.argentina.ProtocolHTTP sendCommand
INFO: <?xml version="1.0" encoding="UTF-8" standalone="no"?>
<CargarDatosCliente>
<RazonSocial>Consumidor Final (JGI 889)</RazonSocial>
<NumeroDocumento>00000000000</NumeroDocumento>
<ResponsabilidadIVA>ConsumidorFinal</ResponsabilidadIVA>
<TipoDocumento>TipoCUIT</TipoDocumento>
<Domicilio>, TRELEW, CHUBUT</Domicilio>
<DatosAdicionales1/>
<DatosAdicionales2/>
<DatosAdicionales3/>
</CargarDatosCliente>

Apr 13, 2025 10:47:15 PM hfl.argentina.ProtocolHTTP sendCommand
SEVERE: Connection refused (Connection refused)
Apr 13, 2025 10:47:15 PM hfl.argentina.ProtocolHTTP sendCommand
INFO: Iniciando conexión: 127.0.0.1:80
Apr 13, 2025 10:47:15 PM hfl.argentina.ProtocolHTTP sendCommand
INFO: <?xml version="1.0" encoding="UTF-8" standalone="no"?>
<CerrarDocumento>
<Copias>0</Copias>
<DireccionEMail/>
</CerrarDocumento>

Apr 13, 2025 10:47:15 PM hfl.argentina.ProtocolHTTP sendCommand
SEVERE: Connection refused (Connection refused)
Apr 13, 2025 10:48:41 PM hfl.argentina.ProtocolHTTP sendCommand
INFO: Iniciando conexión: 127.0.0.1:80
Apr 13, 2025 10:48:41 PM hfl.argentina.ProtocolHTTP sendCommand
INFO: <?xml version="1.0" encoding="UTF-8" standalone="no"?>
<CargarDatosCliente>
<RazonSocial>Consumidor Final (JGI 889)</RazonSocial>
<NumeroDocumento>00000000000</NumeroDocumento>
<ResponsabilidadIVA>ConsumidorFinal</ResponsabilidadIVA>
<TipoDocumento>TipoCUIT</TipoDocumento>
<Domicilio>, TRELEW, CHUBUT</Domicilio>
<DatosAdicionales1/>
<DatosAdicionales2/>
<DatosAdicionales3/>
</CargarDatosCliente>

Apr 13, 2025 10:48:41 PM hfl.argentina.ProtocolHTTP sendCommand
SEVERE: Connection refused (Connection refused)
Apr 13, 2025 10:48:41 PM hfl.argentina.ProtocolHTTP sendCommand
INFO: Iniciando conexión: 127.0.0.1:80
Apr 13, 2025 10:48:41 PM hfl.argentina.ProtocolHTTP sendCommand
INFO: <?xml version="1.0" encoding="UTF-8" standalone="no"?>
<CerrarDocumento>
<Copias>0</Copias>
<DireccionEMail/>
</CerrarDocumento>

Apr 13, 2025 10:48:41 PM hfl.argentina.ProtocolHTTP sendCommand
SEVERE: Connection refused (Connection refused)
Apr 13, 2025 10:50:10 PM hfl.argentina.ProtocolHTTP sendCommand
INFO: Iniciando conexión: 127.0.0.1:80
Apr 13, 2025 10:50:10 PM hfl.argentina.ProtocolHTTP sendCommand
INFO: <?xml version="1.0" encoding="UTF-8" standalone="no"?>
<CargarDatosCliente>
<RazonSocial>Consumidor Final (JGI 889)</RazonSocial>
<NumeroDocumento>00000000000</NumeroDocumento>
<ResponsabilidadIVA>ConsumidorFinal</ResponsabilidadIVA>
<TipoDocumento>TipoCUIT</TipoDocumento>
<Domicilio>, TRELEW, CHUBUT</Domicilio>
<DatosAdicionales1/>
<DatosAdicionales2/>
<DatosAdicionales3/>
</CargarDatosCliente>

Apr 13, 2025 10:50:10 PM hfl.argentina.ProtocolHTTP sendCommand
SEVERE: Connection refused (Connection refused)
Apr 13, 2025 10:50:10 PM hfl.argentina.ProtocolHTTP sendCommand
INFO: Iniciando conexión: 127.0.0.1:80
Apr 13, 2025 10:50:10 PM hfl.argentina.ProtocolHTTP sendCommand
INFO: <?xml version="1.0" encoding="UTF-8" standalone="no"?>
<CerrarDocumento>
<Copias>0</Copias>
<DireccionEMail/>
</CerrarDocumento>

Apr 13, 2025 10:50:10 PM hfl.argentina.ProtocolHTTP sendCommand
SEVERE: Connection refused (Connection refused)
Apr 13, 2025 11:26:12 PM hfl.argentina.ProtocolHTTP sendCommand
INFO: Iniciando conexión: 127.0.0.1:80
Apr 13, 2025 11:26:12 PM hfl.argentina.ProtocolHTTP sendCommand
INFO: <?xml version="1.0" encoding="UTF-8" standalone="no"?>
<CargarDatosCliente>
<RazonSocial>VILLACORTA IGNACIO ROBERTO</RazonSocial>
<NumeroDocumento>20109095932</NumeroDocumento>
<ResponsabilidadIVA>ResponsableInscripto</ResponsabilidadIVA>
<TipoDocumento>TipoCUIT</TipoDocumento>
<Domicilio>Zapiola 530, BOLIVAR, BUENOS AIRES</Domicilio>
<DatosAdicionales1/>
<DatosAdicionales2/>
<DatosAdicionales3/>
</CargarDatosCliente>

Apr 13, 2025 11:26:12 PM hfl.argentina.ProtocolHTTP sendCommand
SEVERE: Connection refused (Connection refused)
Apr 13, 2025 11:26:12 PM hfl.argentina.ProtocolHTTP sendCommand
INFO: Iniciando conexión: 127.0.0.1:80
Apr 13, 2025 11:26:12 PM hfl.argentina.ProtocolHTTP sendCommand
INFO: <?xml version="1.0" encoding="UTF-8" standalone="no"?>
<CerrarDocumento>
<Copias>0</Copias>
<DireccionEMail/>
</CerrarDocumento>

Apr 13, 2025 11:26:12 PM hfl.argentina.ProtocolHTTP sendCommand
SEVERE: Connection refused (Connection refused)
Apr 13, 2025 11:26:27 PM hfl.argentina.ProtocolHTTP sendCommand
INFO: Iniciando conexión: 127.0.0.1:80
Apr 13, 2025 11:26:27 PM hfl.argentina.ProtocolHTTP sendCommand
INFO: <?xml version="1.0" encoding="UTF-8" standalone="no"?>
<CargarDatosCliente>
<RazonSocial>VILLACORTA IGNACIO ROBERTO</RazonSocial>
<NumeroDocumento>20109095932</NumeroDocumento>
<ResponsabilidadIVA>ResponsableInscripto</ResponsabilidadIVA>
<TipoDocumento>TipoCUIT</TipoDocumento>
<Domicilio>Zapiola 530, BOLIVAR, BUENOS AIRES</Domicilio>
<DatosAdicionales1/>
<DatosAdicionales2/>
<DatosAdicionales3/>
</CargarDatosCliente>

Apr 13, 2025 11:26:27 PM hfl.argentina.ProtocolHTTP sendCommand
SEVERE: Connection refused (Connection refused)
Apr 13, 2025 11:26:27 PM hfl.argentina.ProtocolHTTP sendCommand
INFO: Iniciando conexión: 127.0.0.1:80
Apr 13, 2025 11:26:27 PM hfl.argentina.ProtocolHTTP sendCommand
INFO: <?xml version="1.0" encoding="UTF-8" standalone="no"?>
<CerrarDocumento>
<Copias>0</Copias>
<DireccionEMail/>
</CerrarDocumento>

Apr 13, 2025 11:26:27 PM hfl.argentina.ProtocolHTTP sendCommand
SEVERE: Connection refused (Connection refused)
Apr 13, 2025 11:29:08 PM hfl.argentina.ProtocolHTTP sendCommand
INFO: Iniciando conexión: 127.0.0.1:80
Apr 13, 2025 11:29:08 PM hfl.argentina.ProtocolHTTP sendCommand
INFO: <?xml version="1.0" encoding="UTF-8" standalone="no"?>
<CargarDatosCliente>
<RazonSocial>VILLACORTA IGNACIO ROBERTO</RazonSocial>
<NumeroDocumento>20109095932</NumeroDocumento>
<ResponsabilidadIVA>ResponsableInscripto</ResponsabilidadIVA>
<TipoDocumento>TipoCUIT</TipoDocumento>
<Domicilio>Zapiola 530, BOLIVAR, BUENOS AIRES</Domicilio>
<DatosAdicionales1/>
<DatosAdicionales2/>
<DatosAdicionales3/>
</CargarDatosCliente>

Apr 13, 2025 11:29:08 PM hfl.argentina.ProtocolHTTP sendCommand
SEVERE: Connection refused (Connection refused)
Apr 13, 2025 11:29:08 PM hfl.argentina.ProtocolHTTP sendCommand
INFO: Iniciando conexión: 127.0.0.1:80
Apr 13, 2025 11:29:08 PM hfl.argentina.ProtocolHTTP sendCommand
INFO: <?xml version="1.0" encoding="UTF-8" standalone="no"?>
<CerrarDocumento>
<Copias>0</Copias>
<DireccionEMail/>
</CerrarDocumento>

Apr 13, 2025 11:29:08 PM hfl.argentina.ProtocolHTTP sendCommand
SEVERE: Connection refused (Connection refused)
Apr 13, 2025 11:29:40 PM hfl.argentina.ProtocolHTTP sendCommand
INFO: Iniciando conexión: 127.0.0.1:80
Apr 13, 2025 11:29:40 PM hfl.argentina.ProtocolHTTP sendCommand
INFO: <?xml version="1.0" encoding="UTF-8" standalone="no"?>
<CargarDatosCliente>
<RazonSocial>VILLACORTA IGNACIO ROBERTO</RazonSocial>
<NumeroDocumento>20109095932</NumeroDocumento>
<ResponsabilidadIVA>ResponsableInscripto</ResponsabilidadIVA>
<TipoDocumento>TipoCUIT</TipoDocumento>
<Domicilio>Zapiola 530, BOLIVAR, BUENOS AIRES</Domicilio>
<DatosAdicionales1/>
<DatosAdicionales2/>
<DatosAdicionales3/>
</CargarDatosCliente>

Apr 13, 2025 11:29:40 PM hfl.argentina.ProtocolHTTP sendCommand
SEVERE: Connection refused (Connection refused)
Apr 13, 2025 11:29:40 PM hfl.argentina.ProtocolHTTP sendCommand
INFO: Iniciando conexión: 127.0.0.1:80
Apr 13, 2025 11:29:40 PM hfl.argentina.ProtocolHTTP sendCommand
INFO: <?xml version="1.0" encoding="UTF-8" standalone="no"?>
<CerrarDocumento>
<Copias>0</Copias>
<DireccionEMail/>
</CerrarDocumento>

Apr 13, 2025 11:29:40 PM hfl.argentina.ProtocolHTTP sendCommand
SEVERE: Connection refused (Connection refused)
Apr 13, 2025 11:32:25 PM hfl.argentina.ProtocolHTTP sendCommand
INFO: Iniciando conexión: 127.0.0.1:80
Apr 13, 2025 11:32:25 PM hfl.argentina.ProtocolHTTP sendCommand
INFO: <?xml version="1.0" encoding="UTF-8" standalone="no"?>
<CargarDatosCliente>
<RazonSocial>VILLACORTA IGNACIO ROBERTO</RazonSocial>
<NumeroDocumento>20109095932</NumeroDocumento>
<ResponsabilidadIVA>ResponsableInscripto</ResponsabilidadIVA>
<TipoDocumento>TipoCUIT</TipoDocumento>
<Domicilio>Zapiola 530, BOLIVAR, BUENOS AIRES</Domicilio>
<DatosAdicionales1/>
<DatosAdicionales2/>
<DatosAdicionales3/>
</CargarDatosCliente>

Apr 13, 2025 11:32:25 PM hfl.argentina.ProtocolHTTP sendCommand
SEVERE: Connection refused (Connection refused)
Apr 13, 2025 11:32:25 PM hfl.argentina.ProtocolHTTP sendCommand
INFO: Iniciando conexión: 127.0.0.1:80
Apr 13, 2025 11:32:25 PM hfl.argentina.ProtocolHTTP sendCommand
INFO: <?xml version="1.0" encoding="UTF-8" standalone="no"?>
<CerrarDocumento>
<Copias>0</Copias>
<DireccionEMail/>
</CerrarDocumento>

Apr 13, 2025 11:32:25 PM hfl.argentina.ProtocolHTTP sendCommand
SEVERE: Connection refused (Connection refused)
Apr 13, 2025 11:34:24 PM hfl.argentina.ProtocolHTTP sendCommand
INFO: Iniciando conexión: 127.0.0.1:80
Apr 13, 2025 11:34:24 PM hfl.argentina.ProtocolHTTP sendCommand
INFO: <?xml version="1.0" encoding="UTF-8" standalone="no"?>
<CargarDatosCliente>
<RazonSocial>VILLACORTA IGNACIO ROBERTO</RazonSocial>
<NumeroDocumento>20109095932</NumeroDocumento>
<ResponsabilidadIVA>ResponsableInscripto</ResponsabilidadIVA>
<TipoDocumento>TipoCUIT</TipoDocumento>
<Domicilio>Zapiola 530, BOLIVAR, BUENOS AIRES</Domicilio>
<DatosAdicionales1/>
<DatosAdicionales2/>
<DatosAdicionales3/>
</CargarDatosCliente>

Apr 13, 2025 11:34:24 PM hfl.argentina.ProtocolHTTP sendCommand
SEVERE: Connection refused (Connection refused)
Apr 13, 2025 11:34:24 PM hfl.argentina.ProtocolHTTP sendCommand
INFO: Iniciando conexión: 127.0.0.1:80
Apr 13, 2025 11:34:24 PM hfl.argentina.ProtocolHTTP sendCommand
INFO: <?xml version="1.0" encoding="UTF-8" standalone="no"?>
<CerrarDocumento>
<Copias>0</Copias>
<DireccionEMail/>
</CerrarDocumento>

Apr 13, 2025 11:34:24 PM hfl.argentina.ProtocolHTTP sendCommand
SEVERE: Connection refused (Connection refused)
Apr 13, 2025 11:34:32 PM hfl.argentina.ProtocolHTTP sendCommand
INFO: Iniciando conexión: 127.0.0.1:80
Apr 13, 2025 11:34:32 PM hfl.argentina.ProtocolHTTP sendCommand
INFO: <?xml version="1.0" encoding="UTF-8" standalone="no"?>
<CargarDatosCliente>
<RazonSocial>VILLACORTA IGNACIO ROBERTO</RazonSocial>
<NumeroDocumento>20109095932</NumeroDocumento>
<ResponsabilidadIVA>ResponsableInscripto</ResponsabilidadIVA>
<TipoDocumento>TipoCUIT</TipoDocumento>
<Domicilio>Zapiola 530, BOLIVAR, BUENOS AIRES</Domicilio>
<DatosAdicionales1/>
<DatosAdicionales2/>
<DatosAdicionales3/>
</CargarDatosCliente>

Apr 13, 2025 11:34:32 PM hfl.argentina.ProtocolHTTP sendCommand
SEVERE: Connection refused (Connection refused)
Apr 13, 2025 11:34:32 PM hfl.argentina.ProtocolHTTP sendCommand
INFO: Iniciando conexión: 127.0.0.1:80
Apr 13, 2025 11:34:32 PM hfl.argentina.ProtocolHTTP sendCommand
INFO: <?xml version="1.0" encoding="UTF-8" standalone="no"?>
<CerrarDocumento>
<Copias>0</Copias>
<DireccionEMail/>
</CerrarDocumento>

Apr 13, 2025 11:34:32 PM hfl.argentina.ProtocolHTTP sendCommand
SEVERE: Connection refused (Connection refused)
Apr 13, 2025 11:35:05 PM hfl.argentina.ProtocolHTTP sendCommand
INFO: Iniciando conexión: 127.0.0.1:80
Apr 13, 2025 11:35:05 PM hfl.argentina.ProtocolHTTP sendCommand
INFO: <?xml version="1.0" encoding="UTF-8" standalone="no"?>
<CargarDatosCliente>
<RazonSocial>VILLACORTA IGNACIO ROBERTO</RazonSocial>
<NumeroDocumento>20109095932</NumeroDocumento>
<ResponsabilidadIVA>ResponsableInscripto</ResponsabilidadIVA>
<TipoDocumento>TipoCUIT</TipoDocumento>
<Domicilio>Zapiola 530, BOLIVAR, BUENOS AIRES</Domicilio>
<DatosAdicionales1/>
<DatosAdicionales2/>
<DatosAdicionales3/>
</CargarDatosCliente>

Apr 13, 2025 11:35:05 PM hfl.argentina.ProtocolHTTP sendCommand
SEVERE: Connection refused (Connection refused)
Apr 13, 2025 11:35:05 PM hfl.argentina.ProtocolHTTP sendCommand
INFO: Iniciando conexión: 127.0.0.1:80
Apr 13, 2025 11:35:05 PM hfl.argentina.ProtocolHTTP sendCommand
INFO: <?xml version="1.0" encoding="UTF-8" standalone="no"?>
<CerrarDocumento>
<Copias>0</Copias>
<DireccionEMail/>
</CerrarDocumento>

Apr 13, 2025 11:35:05 PM hfl.argentina.ProtocolHTTP sendCommand
SEVERE: Connection refused (Connection refused)
Apr 13, 2025 11:36:02 PM hfl.argentina.ProtocolHTTP sendCommand
INFO: Iniciando conexión: 127.0.0.1:80
Apr 13, 2025 11:36:02 PM hfl.argentina.ProtocolHTTP sendCommand
INFO: <?xml version="1.0" encoding="UTF-8" standalone="no"?>
<CargarDatosCliente>
<RazonSocial>VILLACORTA IGNACIO ROBERTO</RazonSocial>
<NumeroDocumento>20109095932</NumeroDocumento>
<ResponsabilidadIVA>ResponsableInscripto</ResponsabilidadIVA>
<TipoDocumento>TipoCUIT</TipoDocumento>
<Domicilio>Zapiola 530, BOLIVAR, BUENOS AIRES</Domicilio>
<DatosAdicionales1/>
<DatosAdicionales2/>
<DatosAdicionales3/>
</CargarDatosCliente>

Apr 13, 2025 11:36:02 PM hfl.argentina.ProtocolHTTP sendCommand
SEVERE: Connection refused (Connection refused)
Apr 13, 2025 11:36:02 PM hfl.argentina.ProtocolHTTP sendCommand
INFO: Iniciando conexión: 127.0.0.1:80
Apr 13, 2025 11:36:02 PM hfl.argentina.ProtocolHTTP sendCommand
INFO: <?xml version="1.0" encoding="UTF-8" standalone="no"?>
<CerrarDocumento>
<Copias>0</Copias>
<DireccionEMail/>
</CerrarDocumento>

Apr 13, 2025 11:36:02 PM hfl.argentina.ProtocolHTTP sendCommand
SEVERE: Connection refused (Connection refused)
Apr 13, 2025 11:36:20 PM hfl.argentina.ProtocolHTTP sendCommand
INFO: Iniciando conexión: 127.0.0.1:80
Apr 13, 2025 11:36:20 PM hfl.argentina.ProtocolHTTP sendCommand
INFO: <?xml version="1.0" encoding="UTF-8" standalone="no"?>
<ConsultarEstado>
<CodigoComprobante>NoDocumento</CodigoComprobante>
</ConsultarEstado>

Apr 13, 2025 11:36:20 PM hfl.argentina.ProtocolHTTP sendCommand
SEVERE: Connection refused (Connection refused)
Apr 13, 2025 11:37:17 PM hfl.argentina.ProtocolHTTP sendCommand
INFO: Iniciando conexión: 127.0.0.1:80
Apr 13, 2025 11:37:17 PM hfl.argentina.ProtocolHTTP sendCommand
INFO: <?xml version="1.0" encoding="UTF-8" standalone="no"?>
<CargarDatosCliente>
<RazonSocial>VILLACORTA IGNACIO ROBERTO</RazonSocial>
<NumeroDocumento>20109095932</NumeroDocumento>
<ResponsabilidadIVA>ResponsableInscripto</ResponsabilidadIVA>
<TipoDocumento>TipoCUIT</TipoDocumento>
<Domicilio>Zapiola 530, BOLIVAR, BUENOS AIRES</Domicilio>
<DatosAdicionales1/>
<DatosAdicionales2/>
<DatosAdicionales3/>
</CargarDatosCliente>

Apr 13, 2025 11:37:17 PM hfl.argentina.ProtocolHTTP sendCommand
SEVERE: Connection refused (Connection refused)
Apr 13, 2025 11:37:17 PM hfl.argentina.ProtocolHTTP sendCommand
INFO: Iniciando conexión: 127.0.0.1:80
Apr 13, 2025 11:37:17 PM hfl.argentina.ProtocolHTTP sendCommand
INFO: <?xml version="1.0" encoding="UTF-8" standalone="no"?>
<CerrarDocumento>
<Copias>0</Copias>
<DireccionEMail/>
</CerrarDocumento>

Apr 13, 2025 11:37:17 PM hfl.argentina.ProtocolHTTP sendCommand
SEVERE: Connection refused (Connection refused)
Apr 13, 2025 11:37:27 PM hfl.argentina.ProtocolHTTP sendCommand
INFO: Iniciando conexión: 127.0.0.1:80
Apr 13, 2025 11:37:27 PM hfl.argentina.ProtocolHTTP sendCommand
INFO: <?xml version="1.0" encoding="UTF-8" standalone="no"?>
<ConsultarEstado>
<CodigoComprobante>NoDocumento</CodigoComprobante>
</ConsultarEstado>

Apr 13, 2025 11:37:27 PM hfl.argentina.ProtocolHTTP sendCommand
SEVERE: Connection refused (Connection refused)
Apr 13, 2025 11:37:49 PM hfl.argentina.ProtocolHTTP sendCommand
INFO: Iniciando conexión: 127.0.0.1:80
Apr 13, 2025 11:37:49 PM hfl.argentina.ProtocolHTTP sendCommand
INFO: <?xml version="1.0" encoding="UTF-8" standalone="no"?>
<CargarDatosCliente>
<RazonSocial>VILLACORTA IGNACIO ROBERTO</RazonSocial>
<NumeroDocumento>20109095932</NumeroDocumento>
<ResponsabilidadIVA>ResponsableInscripto</ResponsabilidadIVA>
<TipoDocumento>TipoCUIT</TipoDocumento>
<Domicilio>Zapiola 530, BOLIVAR, BUENOS AIRES</Domicilio>
<DatosAdicionales1/>
<DatosAdicionales2/>
<DatosAdicionales3/>
</CargarDatosCliente>

Apr 13, 2025 11:37:49 PM hfl.argentina.ProtocolHTTP sendCommand
SEVERE: Connection refused (Connection refused)
Apr 13, 2025 11:37:49 PM hfl.argentina.ProtocolHTTP sendCommand
INFO: Iniciando conexión: 127.0.0.1:80
Apr 13, 2025 11:37:49 PM hfl.argentina.ProtocolHTTP sendCommand
INFO: <?xml version="1.0" encoding="UTF-8" standalone="no"?>
<CerrarDocumento>
<Copias>0</Copias>
<DireccionEMail/>
</CerrarDocumento>

Apr 13, 2025 11:37:49 PM hfl.argentina.ProtocolHTTP sendCommand
SEVERE: Connection refused (Connection refused)
Apr 13, 2025 11:38:18 PM hfl.argentina.ProtocolHTTP sendCommand
INFO: Iniciando conexión: 127.0.0.1:80
Apr 13, 2025 11:38:18 PM hfl.argentina.ProtocolHTTP sendCommand
INFO: <?xml version="1.0" encoding="UTF-8" standalone="no"?>
<CargarDatosCliente>
<RazonSocial>VILLACORTA IGNACIO ROBERTO</RazonSocial>
<NumeroDocumento>20109095932</NumeroDocumento>
<ResponsabilidadIVA>ResponsableInscripto</ResponsabilidadIVA>
<TipoDocumento>TipoCUIT</TipoDocumento>
<Domicilio>Zapiola 530, BOLIVAR, BUENOS AIRES</Domicilio>
<DatosAdicionales1/>
<DatosAdicionales2/>
<DatosAdicionales3/>
</CargarDatosCliente>

Apr 13, 2025 11:38:18 PM hfl.argentina.ProtocolHTTP sendCommand
SEVERE: Connection refused (Connection refused)
Apr 13, 2025 11:38:18 PM hfl.argentina.ProtocolHTTP sendCommand
INFO: Iniciando conexión: 127.0.0.1:80
Apr 13, 2025 11:38:18 PM hfl.argentina.ProtocolHTTP sendCommand
INFO: <?xml version="1.0" encoding="UTF-8" standalone="no"?>
<CerrarDocumento>
<Copias>0</Copias>
<DireccionEMail/>
</CerrarDocumento>

Apr 13, 2025 11:38:18 PM hfl.argentina.ProtocolHTTP sendCommand
SEVERE: Connection refused (Connection refused)
Apr 13, 2025 11:48:30 PM hfl.argentina.ProtocolHTTP sendCommand
INFO: Iniciando conexión: 127.0.0.1:80
Apr 13, 2025 11:48:30 PM hfl.argentina.ProtocolHTTP sendCommand
INFO: <?xml version="1.0" encoding="UTF-8" standalone="no"?>
<CargarDatosCliente>
<RazonSocial>Consumidor Final</RazonSocial>
<NumeroDocumento>00000000000</NumeroDocumento>
<ResponsabilidadIVA>ConsumidorFinal</ResponsabilidadIVA>
<TipoDocumento>TipoCUIT</TipoDocumento>
<Domicilio>, TRELEW, CHUBUT</Domicilio>
<DatosAdicionales1/>
<DatosAdicionales2/>
<DatosAdicionales3/>
</CargarDatosCliente>

Apr 13, 2025 11:48:30 PM hfl.argentina.ProtocolHTTP sendCommand
SEVERE: Connection refused (Connection refused)
Apr 13, 2025 11:48:30 PM hfl.argentina.ProtocolHTTP sendCommand
INFO: Iniciando conexión: 127.0.0.1:80
Apr 13, 2025 11:48:30 PM hfl.argentina.ProtocolHTTP sendCommand
INFO: <?xml version="1.0" encoding="UTF-8" standalone="no"?>
<CerrarDocumento>
<Copias>0</Copias>
<DireccionEMail/>
</CerrarDocumento>

Apr 13, 2025 11:48:30 PM hfl.argentina.ProtocolHTTP sendCommand
SEVERE: Connection refused (Connection refused)
